Determining if the strnstr exist failed with the following output:
Change Dir: //home/hytec/gnb407/du_bin/intel/liboam/oam_du/cm/sysrepo/run/SysrepoInstaller/PKG/sysrepo/build/CMakeFiles/CMakeTmp

Run Build Command(s):/usr/bin/gmake -f Makefile cmTC_12a69/fast && /usr/bin/gmake  -f CMakeFiles/cmTC_12a69.dir/build.make CMakeFiles/cmTC_12a69.dir/build
gmake[1]: Entering directory '/home/hytec/gnb407/du_bin/intel/liboam/oam_du/cm/sysrepo/run/SysrepoInstaller/PKG/sysrepo/build/CMakeFiles/CMakeTmp'
/usr/bin/cmake: /usr/local/lib/libcurl.so.4: no version information available (required by /usr/bin/cmake)
Building C object CMakeFiles/cmTC_12a69.dir/CheckSymbolExists.c.o
/usr/bin/cc -D_GNU_SOURCE -D_POSIX_C_SOURCE=200809L -D__BSD_VISIBLE=1  -g -O0  -Wall -Wextra -Wpedantic -std=c11  -o CMakeFiles/cmTC_12a69.dir/CheckSymbolExists.c.o -c //home/hytec/gnb407/du_bin/intel/liboam/oam_du/cm/sysrepo/run/SysrepoInstaller/PKG/sysrepo/build/CMakeFiles/CMakeTmp/CheckSymbolExists.c
//home/hytec/gnb407/du_bin/intel/liboam/oam_du/cm/sysrepo/run/SysrepoInstaller/PKG/sysrepo/build/CMakeFiles/CMakeTmp/CheckSymbolExists.c: In function ‘main’:
//home/hytec/gnb407/du_bin/intel/liboam/oam_du/cm/sysrepo/run/SysrepoInstaller/PKG/sysrepo/build/CMakeFiles/CMakeTmp/CheckSymbolExists.c:8:19: error: ‘strnstr’ undeclared (first use in this function); did you mean ‘strstr’?
    8 |   return ((int*)(&strnstr))[argc];
      |                   ^~~~~~~
      |                   strstr
//home/hytec/gnb407/du_bin/intel/liboam/oam_du/cm/sysrepo/run/SysrepoInstaller/PKG/sysrepo/build/CMakeFiles/CMakeTmp/CheckSymbolExists.c:8:19: note: each undeclared identifier is reported only once for each function it appears in
//home/hytec/gnb407/du_bin/intel/liboam/oam_du/cm/sysrepo/run/SysrepoInstaller/PKG/sysrepo/build/CMakeFiles/CMakeTmp/CheckSymbolExists.c:4:14: warning: parameter ‘argc’ set but not used [-Wunused-but-set-parameter]
    4 | int main(int argc, char** argv)
      |          ~~~~^~~~
gmake[1]: *** [CMakeFiles/cmTC_12a69.dir/build.make:78: CMakeFiles/cmTC_12a69.dir/CheckSymbolExists.c.o] Error 1
gmake[1]: Leaving directory '/home/hytec/gnb407/du_bin/intel/liboam/oam_du/cm/sysrepo/run/SysrepoInstaller/PKG/sysrepo/build/CMakeFiles/CMakeTmp'
gmake: *** [Makefile:127: cmTC_12a69/fast] Error 2


File //home/hytec/gnb407/du_bin/intel/liboam/oam_du/cm/sysrepo/run/SysrepoInstaller/PKG/sysrepo/build/CMakeFiles/CMakeTmp/CheckSymbolExists.c:
/* */
#include <string.h>

int main(int argc, char** argv)
{
  (void)argv;
#ifndef strnstr
  return ((int*)(&strnstr))[argc];
#else
  (void)argc;
  return 0;
#endif
}
